\BOOKMARK [1][-]{section.1}{\376\377\150\007\121\306\133\236\145\160\226\306\166\204\176\323\147\204}{}% 1
\BOOKMARK [2][-]{subsection.1.1}{\376\377\116\316\147\011\164\006\145\160\147\204\220\040\133\236\145\160}{section.1}% 2
\BOOKMARK [2][-]{subsection.1.2}{\376\377\133\236\145\160\166\204\123\101\217\333\122\066\210\150\171\072}{section.1}% 3
\BOOKMARK [2][-]{subsection.1.3}{\376\377\123\357\145\160\116\016\116\015\123\357\145\160}{section.1}% 4
\BOOKMARK [2][-]{subsection.1.4}{\376\377\133\236\145\160\133\214\131\007\140\047\133\232\164\006}{section.1}% 5
\BOOKMARK [2][-]{subsection.1.5}{\376\377\121\163\116\216\133\236\145\160\213\244\213\306\166\204\134\100\226\120\140\047}{section.1}% 6
\BOOKMARK [1][-]{section.2}{\376\377\127\372\147\054\122\035\173\111\121\375\145\160}{}% 7
\BOOKMARK [2][-]{subsection.2.1}{\376\377\143\007\145\160\121\375\145\160}{section.2}% 8
\BOOKMARK [2][-]{subsection.2.2}{\376\377\133\371\145\160\121\375\145\160}{section.2}% 9
\BOOKMARK [2][-]{subsection.2.3}{\376\377\116\011\211\322\121\375\145\160\124\214\123\314\146\362\121\375\145\160}{section.2}% 10
\BOOKMARK [1][-]{section.3}{\376\377\121\375\145\160\166\204\134\125\137\000}{}% 11
\BOOKMARK [2][-]{subsection.3.1}{\376\377\153\143\116\244\134\125\137\000}{section.3}% 12
\BOOKMARK [2][-]{subsection.3.2}{\376\377\156\020\217\333\134\125\137\000}{section.3}% 13
\BOOKMARK [2][-]{subsection.3.3}{\376\377\154\360\122\322\134\125\137\000}{section.3}% 14
\BOOKMARK [3][-]{subsubsection.3.3.1}{\376\377\154\360\122\322\133\232\164\006}{subsection.3.3}% 15
\BOOKMARK [3][-]{subsubsection.3.3.2}{\376\377\171\357\122\006\117\131\230\171\124\214\122\027\210\150\171\357\122\006\121\154\137\017}{subsection.3.3}% 16
\BOOKMARK [3][-]{subsubsection.3.3.3}{\376\377\154\360\122\322\176\247\145\160}{subsection.3.3}% 17
\BOOKMARK [3][-]{subsubsection.3.3.4}{\376\377\137\353\147\345\210\150\377\032\136\070\165\050\166\204\236\246\121\113\122\263\147\227\176\247\145\160}{subsection.3.3}% 18
\BOOKMARK [2][-]{subsection.3.4}{\376\377\155\033\147\027\176\247\145\160}{section.3}% 19
\BOOKMARK [2][-]{subsection.3.5}{\376\377\123\315\121\375\145\160\166\204\136\102\176\247\145\160\134\125\137\000}{section.3}% 20
\BOOKMARK [3][-]{subsubsection.3.5.1}{\376\377\123\167\176\325\145\160\124\214\133\371\145\160\165\131\145\160}{subsection.3.5}% 21
\BOOKMARK [3][-]{subsubsection.3.5.2}{\376\377\133\371\145\160\165\131\145\160\133\232\164\006}{subsection.3.5}% 22
\BOOKMARK [3][-]{subsubsection.3.5.3}{\376\377\142\311\150\074\147\027\145\345\176\247\145\160}{subsection.3.5}% 23
\BOOKMARK [2][-]{subsection.3.6}{\376\377\120\205\221\314\123\366\176\247\145\160}{section.3}% 24
\BOOKMARK [2][-]{subsection.3.7}{\376\377\147\201\160\271\134\125\137\000}{section.3}% 25
\BOOKMARK [2][-]{subsection.3.8}{\376\377\226\366\160\271\122\006\211\343}{section.3}% 26
\BOOKMARK [3][-]{subsubsection.3.8.1}{\376\377\127\372\147\054\126\340\137\017}{subsection.3.8}% 27
\BOOKMARK [3][-]{subsubsection.3.8.2}{\376\377\233\117\134\024\145\257\162\171\142\311\145\257\122\006\211\343\133\232\164\006}{subsection.3.8}% 28
\BOOKMARK [3][-]{subsubsection.3.8.3}{\376\377\124\310\217\276\163\233\122\006\211\343\133\232\164\006}{subsection.3.8}% 29
\BOOKMARK [2][-]{subsection.3.9}{\376\377\166\256\164\137\176\247\145\160}{section.3}% 30
\BOOKMARK [1][-]{section.4}{\376\377\176\277\140\047\116\343\145\160\232\330\176\247\136\224\165\050\377\032\230\221\127\337\122\006\147\220}{}% 31
\BOOKMARK [2][-]{subsection.4.1}{\376\377\120\205\221\314\123\366\176\247\145\160}{section.4}% 32
\BOOKMARK [3][-]{subsubsection.4.1.1}{\376\377\116\011\211\322\121\375\145\160\174\373\117\134\116\072\121\375\145\160\172\172\225\364\166\204\153\143\116\244\127\372\136\225}{subsection.4.1}% 33
\BOOKMARK [3][-]{subsubsection.4.1.2}{\376\377\120\205\221\314\123\366\176\247\145\160\166\204\116\011\171\315\137\142\137\017}{subsection.4.1}% 34
\BOOKMARK [3][-]{subsubsection.4.1.3}{\376\377\120\205\221\314\123\366\176\247\145\160\117\134\116\072\123\237\121\375\145\160\166\204\136\366\142\323}{subsection.4.1}% 35
\BOOKMARK [2][-]{subsection.4.2}{\376\377\116\316\120\205\221\314\123\366\176\247\145\160\122\060\120\205\221\314\123\366\123\330\143\142}{section.4}% 36
\BOOKMARK [3][-]{subsubsection.4.2.1}{\376\377\120\205\221\314\123\366\123\330\143\142\166\204\140\047\215\050}{subsection.4.2}% 37
\BOOKMARK [2][-]{subsection.4.3}{\376\377\120\205\221\314\123\366\176\247\145\160\166\204\145\066\145\133\140\047\213\250\213\272}{section.4}% 38
\BOOKMARK [3][-]{subsubsection.4.3.1}{\376\377\124\011\136\003\145\257\163\260\214\141}{subsection.4.3}% 39
\BOOKMARK [3][-]{subsubsection.4.3.2}{\376\377\162\304\122\051\121\113\226\367\150\070}{subsection.4.3}% 40
\BOOKMARK [3][-]{subsubsection.4.3.3}{\376\377\127\050\123\237\160\271\131\004\166\204\225\364\145\255\160\271\145\066\145\133\140\047\213\250\213\272}{subsection.4.3}% 41
\BOOKMARK [3][-]{subsubsection.4.3.4}{\376\377\127\050\116\373\141\017\131\004\225\364\145\255\160\271\166\204\145\066\145\133\140\047\213\250\213\272}{subsection.4.3}% 42
\BOOKMARK [2][-]{subsection.4.4}{\376\377\123\125\117\115\121\262\157\300\121\375\145\160\377\010\162\304\142\311\121\113\000d\000e\000l\000t\000a\121\375\145\160\377\011}{section.4}% 43
\BOOKMARK [3][-]{subsubsection.4.4.1}{\376\377\121\340\171\315\143\317\217\360\124\214\217\321\117\074}{subsection.4.4}% 44
\BOOKMARK [3][-]{subsubsection.4.4.2}{\376\377\121\163\116\216\171\357\122\006\133\232\116\111\166\204\225\356\230\230}{subsection.4.4}% 45
\BOOKMARK [3][-]{subsubsection.4.4.3}{\376\377\121\262\157\300\121\375\145\160\166\204\116\045\150\074\133\232\116\111}{subsection.4.4}% 46
\BOOKMARK [2][-]{subsection.4.5}{\376\377\221\307\150\067\124\214\143\322\120\074}{section.4}% 47
\BOOKMARK [2][-]{subsection.4.6}{\376\377\171\273\145\143\145\366\225\364\120\205\221\314\123\366\123\330\143\142}{section.4}% 48
\BOOKMARK [2][-]{subsection.4.7}{\376\377\171\273\145\143\120\205\221\314\123\366\123\330\143\142}{section.4}% 49
\BOOKMARK [1][-]{section.5}{\376\377\117\057\122\252\122\051\145\160\124\214\117\057\122\252\122\051\131\032\230\171\137\017}{}% 50
\BOOKMARK [2][-]{subsection.5.1}{\376\377\117\057\122\252\122\051\145\160\137\025\121\145}{section.5}% 51
\BOOKMARK [2][-]{subsection.5.2}{\376\377\117\177\165\050\165\037\142\020\121\375\145\160\133\374\121\372}{section.5}% 52
\BOOKMARK [2][-]{subsection.5.3}{\376\377\140\047\215\050}{section.5}% 53
\BOOKMARK [2][-]{subsection.5.4}{\376\377\201\352\161\066\145\160\136\102\124\214}{section.5}% 54
\BOOKMARK [2][-]{subsection.5.5}{\376\377\146\364\131\032\121\375\145\160\166\204\136\102\176\247\145\160\134\125\137\000}{section.5}% 55
\BOOKMARK [2][-]{subsection.5.6}{\376\377\153\047\142\311\000-\236\246\121\113\122\263\147\227\121\154\137\017\377\032\165\050\133\374\145\160\147\145\154\102\133\232\171\357\122\006}{section.5}% 56
\BOOKMARK [2][-]{subsection.5.7}{\376\377\142\311\232\154\122\252\221\321\124\214}{section.5}% 57
\BOOKMARK [1][-]{section.6}{\376\377\153\047\142\311\145\160}{}% 58
\BOOKMARK [1][-]{section.7}{\376\377\153\047\142\311\171\357\122\006\174\373\122\027}{}% 59
\BOOKMARK [2][-]{subsection.7.1}{\376\377\117\075\232\154\121\375\145\160}{section.7}% 60
\BOOKMARK [2][-]{subsection.7.2}{\376\377\131\032\117\075\232\154\121\375\145\160}{section.7}% 61
\BOOKMARK [2][-]{subsection.7.3}{\376\377\153\047\142\311\000b\000e\000t\000a\121\375\145\160}{section.7}% 62
\BOOKMARK [2][-]{subsection.7.4}{\376\377\160\271\160\153\121\154\137\017}{section.7}% 63
\BOOKMARK [2][-]{subsection.7.5}{\376\377\232\330\145\257\171\357\122\006}{section.7}% 64
\BOOKMARK [2][-]{subsection.7.6}{\376\377\145\257\162\171\147\227\121\154\137\017}{section.7}% 65
\BOOKMARK [2][-]{subsection.7.7}{\376\377\122\006\145\160\226\066\133\374\145\160\124\214\122\006\145\160\226\066\137\256\171\357\122\006}{section.7}% 66
\BOOKMARK [2][-]{subsection.7.8}{\376\377\232\330\176\364\164\003\166\204\040\034\117\123\171\357\040\035}{section.7}% 67
\BOOKMARK [1][-]{section.8}{\376\377\122\322\131\107\215\205\215\212\121\375\145\160\174\373}{}% 68
\BOOKMARK [2][-]{subsection.8.1}{\376\377\236\316\146\374\000z\000e\000t\000a\121\375\145\160}{section.8}% 69
\BOOKMARK [2][-]{subsection.8.2}{\376\377\215\153\134\024\176\364\203\050\000z\000e\000t\000a\121\375\145\160}{section.8}% 70
\BOOKMARK [2][-]{subsection.8.3}{\376\377\162\304\122\051\121\113\226\367\000b\000e\000t\000a\121\375\145\160}{section.8}% 71
\BOOKMARK [2][-]{subsection.8.4}{\376\377\162\304\122\051\121\113\226\367\000e\000t\000a\121\375\145\160}{section.8}% 72
\BOOKMARK [2][-]{subsection.8.5}{\376\377\122\322\213\251\137\267\000c\000h\000i\121\375\145\160}{section.8}% 73
\BOOKMARK [2][-]{subsection.8.6}{\376\377\131\032\133\371\145\160\121\375\145\160\377\010\133\271\127\372\200\066\134\024\121\375\145\160\377\011}{section.8}% 74
\BOOKMARK [2][-]{subsection.8.7}{\376\377\122\322\131\107\215\205\215\212\121\375\145\160}{section.8}% 75
\BOOKMARK [1][-]{section.9}{\376\377\127\372\147\054\122\035\173\111\131\015\124\010\121\375\145\160\166\204\171\357\122\006}{}% 76
\BOOKMARK [1][-]{section.10}{\376\377\147\361\121\375\145\160\377\010\215\035\130\136\134\024\121\375\145\160\377\011\174\373}{}% 77
\BOOKMARK [2][-]{subsection.10.1}{\376\377\116\072\116\300\116\110\117\032\147\011\217\331\116\052\121\375\145\160\377\037}{section.10}% 78
\BOOKMARK [1][-]{section.11}{\376\377\122\322\213\251\137\267\131\032\230\171\137\017\377\010\164\003\131\032\230\171\137\017\377\011}{}% 79
\BOOKMARK [2][-]{subsection.11.1}{\376\377\122\051\165\050\153\143\116\244\140\047\133\374\121\372}{section.11}% 80
\BOOKMARK [1][-]{section.12}{\376\377\151\055\127\006\121\375\145\160\174\373}{}% 81
\BOOKMARK [1][-]{section.13}{\376\377\215\205\121\340\117\125\121\375\145\160\174\373}{}% 82
